cl : command line warning D9035: option 'Gm' has been deprecated and will be removed in a future release
  vector.c
C:\Users\rraop\Desktop\Datalorelabs\New folder\pocketsphinx-master\src\libpocketsphinx\vector.c(102,24): warning C4244: '*=': conversion from 'float64' to 'float32', possible loss of data
  tmat.c
  state_align_search.c
  s2_semi_mgau.c
  ptm_mgau.c
C:\Users\rraop\Desktop\Datalorelabs\New folder\pocketsphinx-master\src\libpocketsphinx\ptm_mgau.c(843,58): warning C4244: '=': conversion from 'int16' to 'uint8', possible loss of data
  ps_mllr.c
  ps_lattice.c
C:\Users\rraop\Desktop\Datalorelabs\New folder\pocketsphinx-master\src\libpocketsphinx\ps_lattice.c(451,1): warning C4244: 'initializing': conversion from 'float64' to 'float32', possible loss of data
C:\Users\rraop\Desktop\Datalorelabs\New folder\pocketsphinx-master\src\libpocketsphinx\ps_lattice.c(1244,93): warning C4244: '+=': conversion from 'float32' to 'int32', possible loss of data
C:\Users\rraop\Desktop\Datalorelabs\New folder\pocketsphinx-master\src\libpocketsphinx\ps_lattice.c(1287,61): warning C4244: '+=': conversion from 'float32' to 'int32', possible loss of data
C:\Users\rraop\Desktop\Datalorelabs\New folder\pocketsphinx-master\src\libpocketsphinx\ps_lattice.c(1321,100): warning C4244: '+=': conversion from 'float32' to 'int32', possible loss of data
C:\Users\rraop\Desktop\Datalorelabs\New folder\pocketsphinx-master\src\libpocketsphinx\ps_lattice.c(1324,108): warning C4244: '+=': conversion from 'float32' to 'int32', possible loss of data
C:\Users\rraop\Desktop\Datalorelabs\New folder\pocketsphinx-master\src\libpocketsphinx\ps_lattice.c(1374,72): warning C4244: '+=': conversion from 'float32' to 'int32', possible loss of data
C:\Users\rraop\Desktop\Datalorelabs\New folder\pocketsphinx-master\src\libpocketsphinx\ps_lattice.c(1396,60): warning C4244: '=': conversion from 'float32' to 'int32', possible loss of data
C:\Users\rraop\Desktop\Datalorelabs\New folder\pocketsphinx-master\src\libpocketsphinx\ps_lattice.c(1433,55): warning C4244: '+=': conversion from 'float32' to 'int32', possible loss of data
C:\Users\rraop\Desktop\Datalorelabs\New folder\pocketsphinx-master\src\libpocketsphinx\ps_lattice.c(1503,81): warning C4244: '=': conversion from 'float32' to 'int32', possible loss of data
C:\Users\rraop\Desktop\Datalorelabs\New folder\pocketsphinx-master\src\libpocketsphinx\ps_lattice.c(1510,84): warning C4244: 'function': conversion from 'float32' to 'int', possible loss of data
C:\Users\rraop\Desktop\Datalorelabs\New folder\pocketsphinx-master\src\libpocketsphinx\ps_lattice.c(1593,35): warning C4244: '+=': conversion from 'float32' to 'int32', possible loss of data
C:\Users\rraop\Desktop\Datalorelabs\New folder\pocketsphinx-master\src\libpocketsphinx\ps_lattice.c(1678,40): warning C4244: '+=': conversion from 'float32' to 'int32', possible loss of data
C:\Users\rraop\Desktop\Datalorelabs\New folder\pocketsphinx-master\src\libpocketsphinx\ps_lattice.c(1684,40): warning C4244: '+=': conversion from 'float32' to 'int32', possible loss of data
C:\Users\rraop\Desktop\Datalorelabs\New folder\pocketsphinx-master\src\libpocketsphinx\ps_lattice.c(1755,84): warning C4244: '=': conversion from 'float32' to 'int32', possible loss of data
  ps_alignment.c
  pocketsphinx.c
C:\Users\rraop\Desktop\Datalorelabs\New folder\pocketsphinx-master\src\libpocketsphinx\pocketsphinx.c(299,45): warning C4244: '=': conversion from 'float32' to 'int32', possible loss of data
C:\Users\rraop\Desktop\Datalorelabs\New folder\pocketsphinx-master\src\libpocketsphinx\pocketsphinx.c(319,66): warning C4244: 'function': conversion from 'int32' to 'float32', possible loss of data
  phone_loop_search.c
C:\Users\rraop\Desktop\Datalorelabs\New folder\pocketsphinx-master\src\libpocketsphinx\phone_loop_search.c(230,105): warning C4244: '=': conversion from 'float64' to 'int32', possible loss of data
  ngram_search_fwdtree.c
  ngram_search_fwdflat.c
C:\Users\rraop\Desktop\Datalorelabs\New folder\pocketsphinx-master\src\libpocketsphinx\ngram_search_fwdflat.c(709,60): warning C4244: '+=': conversion from 'float32' to 'int32', possible loss of data
  ngram_search.c
C:\Users\rraop\Desktop\Datalorelabs\New folder\pocketsphinx-master\src\libpocketsphinx\ngram_search.c(93,19): warning C4090: 'function': different 'const' qualifiers
C:\Users\rraop\Desktop\Datalorelabs\New folder\pocketsphinx-master\src\libpocketsphinx\ngram_search.c(136,60): warning C4244: '=': conversion from 'double' to 'float32', possible loss of data
C:\Users\rraop\Desktop\Datalorelabs\New folder\pocketsphinx-master\src\libpocketsphinx\ngram_search.c(721,36): warning C4244: '=': conversion from 'float32' to 'int32', possible loss of data
C:\Users\rraop\Desktop\Datalorelabs\New folder\pocketsphinx-master\src\libpocketsphinx\ngram_search.c(1041,74): warning C4244: 'function': conversion from 'double' to 'float32', possible loss of data
C:\Users\rraop\Desktop\Datalorelabs\New folder\pocketsphinx-master\src\libpocketsphinx\ngram_search.c(1186,28): warning C4244: '=': conversion from 'float32' to 'int32', possible loss of data
C:\Users\rraop\Desktop\Datalorelabs\New folder\pocketsphinx-master\src\libpocketsphinx\ngram_search.c(1242,61): warning C4244: '=': conversion from 'double' to 'float', possible loss of data
  ms_senone.c
C:\Users\rraop\Desktop\Datalorelabs\New folder\pocketsphinx-master\src\libpocketsphinx\ms_senone.c(118,23): warning C4018: '<': signed/unsigned mismatch
C:\Users\rraop\Desktop\Datalorelabs\New folder\pocketsphinx-master\src\libpocketsphinx\ms_senone.c(224,19): warning C4018: '<': signed/unsigned mismatch
C:\Users\rraop\Desktop\Datalorelabs\New folder\pocketsphinx-master\src\libpocketsphinx\ms_senone.c(225,23): warning C4018: '<': signed/unsigned mismatch
C:\Users\rraop\Desktop\Datalorelabs\New folder\pocketsphinx-master\src\libpocketsphinx\ms_senone.c(240,27): warning C4018: '<': signed/unsigned mismatch
C:\Users\rraop\Desktop\Datalorelabs\New folder\pocketsphinx-master\src\libpocketsphinx\ms_senone.c(314,23): warning C4018: '<': signed/unsigned mismatch
C:\Users\rraop\Desktop\Datalorelabs\New folder\pocketsphinx-master\src\libpocketsphinx\ms_senone.c(325,23): warning C4018: '<': signed/unsigned mismatch
C:\Users\rraop\Desktop\Datalorelabs\New folder\pocketsphinx-master\src\libpocketsphinx\ms_senone.c(371,5): warning C4018: '<': signed/unsigned mismatch
C:\Users\rraop\Desktop\Datalorelabs\New folder\pocketsphinx-master\src\libpocketsphinx\ms_senone.c(372,5): warning C4018: '<=': signed/unsigned mismatch
C:\Users\rraop\Desktop\Datalorelabs\New folder\pocketsphinx-master\src\libpocketsphinx\ms_senone.c(376,19): warning C4018: '<': signed/unsigned mismatch
  ms_mgau.c
C:\Users\rraop\Desktop\Datalorelabs\New folder\pocketsphinx-master\src\libpocketsphinx\ms_mgau.c(136,21): warning C4018: '>': signed/unsigned mismatch
C:\Users\rraop\Desktop\Datalorelabs\New folder\pocketsphinx-master\src\libpocketsphinx\ms_mgau.c(139,21): warning C4018: '<': signed/unsigned mismatch
C:\Users\rraop\Desktop\Datalorelabs\New folder\pocketsphinx-master\src\libpocketsphinx\ms_mgau.c(219,16): warning C4018: '<': signed/unsigned mismatch
C:\Users\rraop\Desktop\Datalorelabs\New folder\pocketsphinx-master\src\libpocketsphinx\ms_mgau.c(227,16): warning C4018: '<': signed/unsigned mismatch
  ms_gauden.c
  mdef.c
  kws_search.c
  kws_detections.c
  hmm.c
  Generating Code...
  Compiling...
  fsg_search.c
C:\Users\rraop\Desktop\Datalorelabs\New folder\pocketsphinx-master\src\libpocketsphinx\fsg_search.c(215,47): warning C4244: '=': conversion from 'float32' to 'int32', possible loss of data
C:\Users\rraop\Desktop\Datalorelabs\New folder\pocketsphinx-master\src\libpocketsphinx\fsg_search.c(224,61): warning C4244: '=': conversion from 'double' to 'float32', possible loss of data
  fsg_lextree.c
  fsg_history.c
  dict2pid.c
  dict.c
  blkarray_list.c
  bin_mdef.c
C:\Users\rraop\Desktop\Datalorelabs\New folder\pocketsphinx-master\src\libpocketsphinx\bin_mdef.c(149,63): warning C4244: '=': conversion from 'int16' to 'uint8', possible loss of data
C:\Users\rraop\Desktop\Datalorelabs\New folder\pocketsphinx-master\src\libpocketsphinx\bin_mdef.c(150,63): warning C4244: '=': conversion from 'int16' to 'uint8', possible loss of data
C:\Users\rraop\Desktop\Datalorelabs\New folder\pocketsphinx-master\src\libpocketsphinx\bin_mdef.c(151,63): warning C4244: '=': conversion from 'int16' to 'uint8', possible loss of data
  allphone_search.c
C:\Users\rraop\Desktop\Datalorelabs\New folder\pocketsphinx-master\src\libpocketsphinx\allphone_search.c(544,49): warning C4244: '=': conversion from 'float32' to 'int32', possible loss of data
C:\Users\rraop\Desktop\Datalorelabs\New folder\pocketsphinx-master\src\libpocketsphinx\allphone_search.c(603,63): warning C4244: '=': conversion from 'double' to 'float32', possible loss of data
  acmod.c
C:\Users\rraop\Desktop\Datalorelabs\New folder\pocketsphinx-master\src\libpocketsphinx\acmod.c(186,76): warning C4244: '=': conversion from 'double' to 'mfcc_t', possible loss of data
C:\Users\rraop\Desktop\Datalorelabs\New folder\pocketsphinx-master\src\libpocketsphinx\acmod.c(191,76): warning C4244: '=': conversion from 'double' to 'mfcc_t', possible loss of data
C:\Users\rraop\Desktop\Datalorelabs\New folder\pocketsphinx-master\src\libpocketsphinx\acmod.c(540,45): warning C4018: '<': signed/unsigned mismatch
  Generating Code...
     Creating library ..\..\bin\Debug\Win32/pocketsphinx.lib and object ..\..\bin\Debug\Win32/pocketsphinx.exp
  pocketsphinx.vcxproj -> C:\Users\rraop\Desktop\Datalorelabs\New folder\pocketsphinx-master\\bin\Debug\Win32\pocketsphinx.dll
